[debug] [2024-05-19T15:07:16.147Z] ----------------------------------------------------------------------
[debug] [2024-05-19T15:07:16.150Z] Command:       /opt/homebrew/Cellar/node/21.2.0/bin/node /opt/homebrew/bin/firebase init hosting:github
[debug] [2024-05-19T15:07:16.150Z] CLI Version:   13.9.0
[debug] [2024-05-19T15:07:16.150Z] Platform:      darwin
[debug] [2024-05-19T15:07:16.150Z] Node Version:  v21.2.0
[debug] [2024-05-19T15:07:16.151Z] Time:          Sun May 19 2024 20:07:16 GMT+0500 (Pakistan Standard Time)
[debug] [2024-05-19T15:07:16.151Z] ----------------------------------------------------------------------
[debug] 
[debug] [2024-05-19T15:07:16.184Z] > command requires scopes: ["email","openid","https://www.googleapis.com/auth/cloudplatformprojects.readonly","https://www.googleapis.com/auth/firebase","https://www.googleapis.com/auth/cloud-platform"]
[debug] [2024-05-19T15:07:16.184Z] > authorizing via signed-in user (ziaurrehmansandhu0@gmail.com)
[info] 
     ######## #### ########  ######## ########     ###     ######  ########
     ##        ##  ##     ## ##       ##     ##  ##   ##  ##       ##
     ######    ##  ########  ######   ########  #########  ######  ######
     ##        ##  ##    ##  ##       ##     ## ##     ##       ## ##
     ##       #### ##     ## ######## ########  ##     ##  ######  ########

You're about to initialize a Firebase project in this directory:

  /Users/ziaurrehman/Documents/work/next-protfolio

Before we get started, keep in mind:

  * You are initializing within an existing Firebase project directory

[info] 
=== Project Setup
[info] 
[info] First, let's associate this project directory with a Firebase project.
[info] You can create multiple project aliases by running firebase use --add, 
[info] but for now we'll just set up a default project.
[info] 
[debug] [2024-05-19T15:07:16.186Z] Using project from CLI flag: ziaportfolio0
[debug] [2024-05-19T15:07:16.187Z] >>> [apiv2][query] GET https://firebase.googleapis.com/v1beta1/projects/ziaportfolio0 [none]
[debug] [2024-05-19T15:07:17.350Z] <<< [apiv2][status] GET https://firebase.googleapis.com/v1beta1/projects/ziaportfolio0 200
[debug] [2024-05-19T15:07:17.351Z] <<< [apiv2][body] GET https://firebase.googleapis.com/v1beta1/projects/ziaportfolio0 {"projectId":"ziaportfolio0","projectNumber":"615008515416","displayName":"ziaportfolio","name":"projects/ziaportfolio0","resources":{"hostingSite":"ziaportfolio0","realtimeDatabaseInstance":"ziaportfolio0-default-rtdb","storageBucket":"ziaportfolio0.appspot.com","locationId":"asia-south1"},"state":"ACTIVE","etag":"1_fb5eeead-f0dc-4595-9caf-d7aa639495ec"}
[info] i  Using project ziaportfolio0 (ziaportfolio) 
[info] 
=== Hosting:github Setup
[info] 
[info] i  Detected a .git folder at /Users/ziaurrehman/Documents/work/next-protfolio 
[info] i  Authorizing with GitHub to upload your service account to a GitHub repository's secrets store. 
[info] 
[info] Visit this URL on this device to log in:
[info] https://github.com/login/oauth/authorize?client_id=89cf50f02ac6aaed3484&state=596737910&redirect_uri=http%3A%2F%2Flocalhost%3A9005&scope=read%3Auser%20repo%20public_repo
[info] 
[info] Waiting for authentication...
[debug] [2024-05-19T15:07:18.966Z] >>> [apiv2][query] POST https://github.com/login/oauth/access_token [none]
[debug] [2024-05-19T15:07:18.967Z] >>> [apiv2][body] POST https://github.com/login/oauth/access_token [stream]
[debug] [2024-05-19T15:07:20.220Z] <<< [apiv2][status] POST https://github.com/login/oauth/access_token 200
[debug] [2024-05-19T15:07:20.220Z] <<< [apiv2][body] POST https://github.com/login/oauth/access_token {"access_token":"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","token_type":"bearer","scope":"read:user,repo"}
[debug] [2024-05-19T15:07:20.227Z] >>> [apiv2][query] GET https://api.github.com/user [none]
[debug] [2024-05-19T15:07:22.967Z] <<< [apiv2][status] GET https://api.github.com/user 200
[debug] [2024-05-19T15:07:22.967Z] <<< [apiv2][body] GET https://api.github.com/user {"login":"ZiaSandhu","id":110674227,"node_id":"U_kgDOBpjBMw","avatar_url":"https://avatars.githubusercontent.com/u/110674227?v=4","gravatar_id":"","url":"https://api.github.com/users/ZiaSandhu","html_url":"https://github.com/ZiaSandhu","followers_url":"https://api.github.com/users/ZiaSandhu/followers","following_url":"https://api.github.com/users/ZiaSandhu/following{/other_user}","gists_url":"https://api.github.com/users/ZiaSandhu/gists{/gist_id}","starred_url":"https://api.github.com/users/ZiaSandhu/starred{/owner}{/repo}","subscriptions_url":"https://api.github.com/users/ZiaSandhu/subscriptions","organizations_url":"https://api.github.com/users/ZiaSandhu/orgs","repos_url":"https://api.github.com/users/ZiaSandhu/repos","events_url":"https://api.github.com/users/ZiaSandhu/events{/privacy}","received_events_url":"https://api.github.com/users/ZiaSandhu/received_events","type":"User","site_admin":false,"name":"Zia Ur Rehman","company":null,"blog":"","location":null,"email":null,"hireable":null,"bio":null,"twitter_username":null,"public_repos":22,"public_gists":0,"followers":2,"following":0,"created_at":"2022-08-05T12:34:23Z","updated_at":"2024-02-19T07:39:03Z","private_gists":0,"total_private_repos":6,"owned_private_repos":6,"disk_usage":209422,"collaborators":1,"two_factor_authentication":false,"plan":{"name":"free","space":976562499,"collaborators":0,"private_repos":10000}}
[info] 
[info] ✔  Success! Logged into GitHub as ZiaSandhu 
[info] 
